c:\users\gagan\desktop\bonesrepo\bones-engine\debug\vc142.pdb
c:\users\gagan\desktop\bonesrepo\bones-engine\debug\vc142.idb
c:\users\gagan\desktop\bonesrepo\bones-engine\debug\inputsystem.obj
c:\users\gagan\desktop\bonesrepo\bones-engine\debug\hudelement.obj
c:\users\gagan\desktop\bonesrepo\bones-engine\debug\hud.obj
c:\users\gagan\desktop\bonesrepo\bones-engine\debug\gui.obj
c:\users\gagan\desktop\bonesrepo\bones-engine\debug\generator.obj
c:\users\gagan\desktop\bonesrepo\bones-engine\debug\gbuffer.obj
c:\users\gagan\desktop\bonesrepo\bones-engine\debug\game.obj
c:\users\gagan\desktop\bonesrepo\bones-engine\debug\font.obj
c:\users\gagan\desktop\bonesrepo\bones-engine\debug\enemymovecomponent.obj
c:\users\gagan\desktop\bonesrepo\bones-engine\debug\enemycombatsystem.obj
c:\users\gagan\desktop\bonesrepo\bones-engine\debug\enemyactor.obj
c:\users\gagan\desktop\bonesrepo\bones-engine\debug\cubeactor.obj
c:\users\gagan\desktop\bonesrepo\bones-engine\debug\component.obj
c:\users\gagan\desktop\bonesrepo\bones-engine\debug\circlecomponent.obj
c:\users\gagan\desktop\bonesrepo\bones-engine\debug\cameratargetactor.obj
c:\users\gagan\desktop\bonesrepo\bones-engine\debug\cameracomponent.obj
c:\users\gagan\desktop\bonesrepo\bones-engine\debug\bonetransform.obj
c:\users\gagan\desktop\bonesrepo\bones-engine\debug\audioengine.obj
c:\users\gagan\desktop\bonesrepo\bones-engine\debug\animation.obj
c:\users\gagan\desktop\bonesrepo\bones-engine\debug\actor.obj
c:\users\gagan\desktop\bonesrepo\bones-engine\debug\vertexarray.obj
c:\users\gagan\desktop\bonesrepo\bones-engine\debug\topdowncamera.obj
c:\users\gagan\desktop\bonesrepo\bones-engine\debug\texture.obj
c:\users\gagan\desktop\bonesrepo\bones-engine\debug\stairactor.obj
c:\users\gagan\desktop\bonesrepo\bones-engine\debug\spritecomponent.obj
c:\users\gagan\desktop\bonesrepo\bones-engine\debug\skeleton.obj
c:\users\gagan\desktop\bonesrepo\bones-engine\debug\skeletalmeshcomponent.obj
c:\users\gagan\desktop\bonesrepo\bones-engine\debug\shader.obj
c:\users\gagan\desktop\bonesrepo\bones-engine\debug\room.obj
c:\users\gagan\desktop\bonesrepo\bones-engine\debug\renderer.obj
c:\users\gagan\desktop\bonesrepo\bones-engine\debug\pointlightcomponent.obj
c:\users\gagan\desktop\bonesrepo\bones-engine\debug\playercombatsystem.obj
c:\users\gagan\desktop\bonesrepo\bones-engine\debug\planeactor.obj
c:\users\gagan\desktop\bonesrepo\bones-engine\debug\movecomponent.obj
c:\users\gagan\desktop\bonesrepo\bones-engine\debug\meshcomponent.obj
c:\users\gagan\desktop\bonesrepo\bones-engine\debug\mesh.obj
c:\users\gagan\desktop\bonesrepo\bones-engine\debug\math.obj
c:\users\gagan\desktop\bonesrepo\bones-engine\debug\main.obj
c:\users\gagan\desktop\bonesrepo\bones-engine\debug\levelupsystem.obj
c:\users\gagan\desktop\bonesrepo\bones-engine\debug\game.exe
c:\users\gagan\desktop\bonesrepo\bones-engine\debug\game.ilk
c:\users\gagan\desktop\bonesrepo\bones-engine\debug\game.pdb
c:\users\happi\documents\bonesengine\debug\actor.obj
c:\users\happi\documents\bonesengine\debug\animation.obj
c:\users\happi\documents\bonesengine\debug\audioengine.obj
c:\users\happi\documents\bonesengine\debug\bonetransform.obj
c:\users\happi\documents\bonesengine\debug\cameracomponent.obj
c:\users\happi\documents\bonesengine\debug\cameratargetactor.obj
c:\users\happi\documents\bonesengine\debug\circlecomponent.obj
c:\users\happi\documents\bonesengine\debug\component.obj
c:\users\happi\documents\bonesengine\debug\cubeactor.obj
c:\users\happi\documents\bonesengine\debug\enemyactor.obj
c:\users\happi\documents\bonesengine\debug\enemycombatsystem.obj
c:\users\happi\documents\bonesengine\debug\enemymovecomponent.obj
c:\users\happi\documents\bonesengine\debug\font.obj
c:\users\happi\documents\bonesengine\debug\game.obj
c:\users\happi\documents\bonesengine\debug\gbuffer.obj
c:\users\happi\documents\bonesengine\debug\generator.obj
c:\users\happi\documents\bonesengine\debug\gui.obj
c:\users\happi\documents\bonesengine\debug\hud.obj
c:\users\happi\documents\bonesengine\debug\hudelement.obj
c:\users\happi\documents\bonesengine\debug\inputsystem.obj
c:\users\happi\documents\bonesengine\debug\levelupsystem.obj
c:\users\happi\documents\bonesengine\debug\main.obj
c:\users\happi\documents\bonesengine\debug\math.obj
c:\users\happi\documents\bonesengine\debug\mesh.obj
c:\users\happi\documents\bonesengine\debug\meshcomponent.obj
c:\users\happi\documents\bonesengine\debug\movecomponent.obj
c:\users\happi\documents\bonesengine\debug\planeactor.obj
c:\users\happi\documents\bonesengine\debug\playercombatsystem.obj
c:\users\happi\documents\bonesengine\debug\pointlightcomponent.obj
c:\users\happi\documents\bonesengine\debug\renderer.obj
c:\users\happi\documents\bonesengine\debug\room.obj
c:\users\happi\documents\bonesengine\debug\shader.obj
c:\users\happi\documents\bonesengine\debug\skeletalmeshcomponent.obj
c:\users\happi\documents\bonesengine\debug\skeleton.obj
c:\users\happi\documents\bonesengine\debug\spritecomponent.obj
c:\users\happi\documents\bonesengine\debug\stairactor.obj
c:\users\happi\documents\bonesengine\debug\texture.obj
c:\users\happi\documents\bonesengine\debug\topdowncamera.obj
c:\users\happi\documents\bonesengine\debug\vertexarray.obj
c:\users\happi\documents\bonesengine\debug\game.ilk
c:\users\happi\documents\bonesengine\debug\vc142.idb
c:\users\happi\documents\bonesengine\debug\game.pdb
c:\users\happi\documents\bonesengine\debug\vc142.pdb
c:\users\happi\documents\bonesengine\debug\game.exe
c:\users\happi\documents\bonesengine\debug\game.tlog\cl.command.1.tlog
c:\users\happi\documents\bonesengine\debug\game.tlog\cl.read.1.tlog
c:\users\happi\documents\bonesengine\debug\game.tlog\cl.write.1.tlog
c:\users\happi\documents\bonesengine\debug\game.tlog\link.command.1.tlog
c:\users\happi\documents\bonesengine\debug\game.tlog\link.read.1.tlog
c:\users\happi\documents\bonesengine\debug\game.tlog\link.write.1.tlog
