  Actor.cpp
  AudioEngine.cpp
  CameraActor.cpp
C:\Users\happi\Documents\BonesEngine\Bones Engine\Actor.h(5,10): warning C4067: unexpected tokens following preprocessor directive - expected a newline
  Component.cpp
C:\Users\happi\Documents\BonesEngine\Bones Engine\Actor.h(5,10): warning C4067: unexpected tokens following preprocessor directive - expected a newline
  Game.cpp
C:\Users\happi\Documents\BonesEngine\Bones Engine\Actor.h(5,10): warning C4067: unexpected tokens following preprocessor directive - expected a newline
  GUI.cpp
  InputSystem.cpp
  main.cpp
C:\Users\happi\Documents\BonesEngine\Bones Engine\Actor.h(5,10): warning C4067: unexpected tokens following preprocessor directive - expected a newline
  Math.cpp
  Mesh.cpp
C:\Users\happi\Documents\BonesEngine\Bones Engine\Actor.h(5,10): warning C4067: unexpected tokens following preprocessor directive - expected a newline
C:\Users\happi\Documents\BonesEngine\Bones Engine\Mesh.cpp(95,82): warning C4244: 'argument': conversion from 'double' to 'const float', possible loss of data
C:\Users\happi\Documents\BonesEngine\Bones Engine\Mesh.cpp(95,61): warning C4244: 'argument': conversion from 'double' to 'const float', possible loss of data
C:\Users\happi\Documents\BonesEngine\Bones Engine\Mesh.cpp(95,40): warning C4244: 'argument': conversion from 'double' to 'const float', possible loss of data
  MeshComponent.cpp
C:\Users\happi\Documents\BonesEngine\Bones Engine\Mesh.cpp(136,45): warning C4267: 'argument': conversion from 'size_t' to 'unsigned int', possible loss of data
  Renderer.cpp
C:\Users\happi\Documents\BonesEngine\Bones Engine\Actor.h(5,10): warning C4067: unexpected tokens following preprocessor directive - expected a newline
  Shader.cpp
  SpriteComponent.cpp
C:\Users\happi\Documents\BonesEngine\Bones Engine\Actor.h(5,10): warning C4067: unexpected tokens following preprocessor directive - expected a newline
C:\Users\happi\Documents\BonesEngine\Bones Engine\Actor.h(5,10): warning C4067: unexpected tokens following preprocessor directive - expected a newline
C:\Users\happi\Documents\BonesEngine\Bones Engine\SpriteComponent.cpp(12,11): warning C4244: 'initializing': conversion from 'float' to 'int', possible loss of data
C:\Users\happi\Documents\BonesEngine\Bones Engine\SpriteComponent.cpp(13,12): warning C4244: 'initializing': conversion from 'float' to 'int', possible loss of data
C:\Users\happi\Documents\BonesEngine\Bones Engine\SpriteComponent.cpp(26,44): warning C4244: 'argument': conversion from 'int' to 'float', possible loss of data
  Texture.cpp
  Vertex.cpp
  Generating Code...
C:\Users\happi\Documents\BonesEngine\Bones Engine\SpriteComponent.cpp(26,34): warning C4244: 'argument': conversion from 'int' to 'float', possible loss of data
LINK : warning LNK4098: defaultlib 'MSVCRT' conflicts with use of other libs; use /NODEFAULTLIB:library
  Bones Engine.vcxproj -> C:\Users\happi\Documents\BonesEngine\x64\Debug\Bones Engine.exe
